<?xml version="1.0" encoding="UTF-8"?>
<testsuite name="wawa.labwawa.ExampleUnitTest" tests="1" skipped="0" failures="0" errors="0" timestamp="2017-11-14T13:17:22" hostname="DESKTOP-UGOAN2M" time="0.0">
  <properties/>
  <testcase name="addition_isCorrect" classname="wawa.labwawa.ExampleUnitTest" time="0.0"/>
  <system-out><![CDATA[]]></system-out>
  <system-err><![CDATA[]]></system-err>
</testsuite>
